  data.c
C:\Users\mm\Desktop\프로그래밍패턴기말고사\프로그래밍패턴기말고사\data.h(1,1): warning C4828: 파일에 0x32e 오프셋에서 시작하는 문자가 포함되어 있습니다. 이 문자는 현재 원본 문자 집합에서 잘못된 문자입니다(코드 페이지 949).
C:\Users\mm\Desktop\프로그래밍패턴기말고사\프로그래밍패턴기말고사\data.c(27,26): warning C4133: '=': 'ListNode *'과(와) 'ListNode *' 사이의 형식이 호환되지 않습니다.
C:\Users\mm\Desktop\프로그래밍패턴기말고사\프로그래밍패턴기말고사\data.c(28,27): warning C4133: '=': 'ListNode *'과(와) 'ListNode *' 사이의 형식이 호환되지 않습니다.
C:\Users\mm\Desktop\프로그래밍패턴기말고사\프로그래밍패턴기말고사\data.c(33,22): warning C4133: '=': 'ListNode *'과(와) 'ListNode *' 사이의 형식이 호환되지 않습니다.
C:\Users\mm\Desktop\프로그래밍패턴기말고사\프로그래밍패턴기말고사\data.c(34,26): warning C4133: '=': 'ListNode *'과(와) 'ListNode *' 사이의 형식이 호환되지 않습니다.
C:\Users\mm\Desktop\프로그래밍패턴기말고사\프로그래밍패턴기말고사\data.c(36,23): warning C4133: '=': 'ListNode *'과(와) 'ListNode *' 사이의 형식이 호환되지 않습니다.
C:\Users\mm\Desktop\프로그래밍패턴기말고사\프로그래밍패턴기말고사\data.c(37,25): warning C4133: '=': 'ListNode *'과(와) 'ListNode *' 사이의 형식이 호환되지 않습니다.
C:\Users\mm\Desktop\프로그래밍패턴기말고사\프로그래밍패턴기말고사\data.c(31,1): warning C4133: '초기화 중': 'ListNode *'과(와) 'ListNode *' 사이의 형식이 호환되지 않습니다.
  Food.c
C:\Users\mm\Desktop\프로그래밍패턴기말고사\프로그래밍패턴기말고사\data.h(1,1): warning C4828: 파일에 0x32e 오프셋에서 시작하는 문자가 포함되어 있습니다. 이 문자는 현재 원본 문자 집합에서 잘못된 문자입니다(코드 페이지 949).
C:\Users\mm\Desktop\프로그래밍패턴기말고사\프로그래밍패턴기말고사\Food.c(22,22): warning C4133: '=': 'ListNode *'과(와) 'ListNode *' 사이의 형식이 호환되지 않습니다.
C:\Users\mm\Desktop\프로그래밍패턴기말고사\프로그래밍패턴기말고사\Food.c(23,34): warning C4133: '!=': 'ListNode *'과(와) 'ListNode *' 사이의 형식이 호환되지 않습니다.
C:\Users\mm\Desktop\프로그래밍패턴기말고사\프로그래밍패턴기말고사\Food.c(14,1): warning C4133: '초기화 중': 'ListNode *'과(와) 'ListNode *' 사이의 형식이 호환되지 않습니다.
  Replay.c
C:\Users\mm\Desktop\프로그래밍패턴기말고사\프로그래밍패턴기말고사\data.h(1,1): warning C4828: 파일에 0x32e 오프셋에서 시작하는 문자가 포함되어 있습니다. 이 문자는 현재 원본 문자 집합에서 잘못된 문자입니다(코드 페이지 949).
C:\Users\mm\Desktop\프로그래밍패턴기말고사\프로그래밍패턴기말고사\Replay.c(22,26): warning C4133: '=': 'replaydata *'과(와) 'replaydata *' 사이의 형식이 호환되지 않습니다.
C:\Users\mm\Desktop\프로그래밍패턴기말고사\프로그래밍패턴기말고사\Replay.c(28,25): warning C4133: '=': 'replaydata *'과(와) 'replaydata *' 사이의 형식이 호환되지 않습니다.
C:\Users\mm\Desktop\프로그래밍패턴기말고사\프로그래밍패턴기말고사\Replay.c(79,41): warning C4133: '=': 'replaydata *'과(와) 'replaydata *' 사이의 형식이 호환되지 않습니다.
C:\Users\mm\Desktop\프로그래밍패턴기말고사\프로그래밍패턴기말고사\Replay.c(80,37): warning C4133: '=': 'replaydata *'과(와) 'replaydata *' 사이의 형식이 호환되지 않습니다.
C:\Users\mm\Desktop\프로그래밍패턴기말고사\프로그래밍패턴기말고사\Replay.c(89,41): warning C4133: '=': 'replaydata *'과(와) 'replaydata *' 사이의 형식이 호환되지 않습니다.
C:\Users\mm\Desktop\프로그래밍패턴기말고사\프로그래밍패턴기말고사\Replay.c(90,37): warning C4133: '=': 'replaydata *'과(와) 'replaydata *' 사이의 형식이 호환되지 않습니다.
C:\Users\mm\Desktop\프로그래밍패턴기말고사\프로그래밍패턴기말고사\Replay.c(97,28): warning C4133: '=': 'replaydata *'과(와) 'replaydata *' 사이의 형식이 호환되지 않습니다.
C:\Users\mm\Desktop\프로그래밍패턴기말고사\프로그래밍패턴기말고사\Replay.c(98,36): warning C4133: '!=': 'replaydata *'과(와) 'replaydata *' 사이의 형식이 호환되지 않습니다.
C:\Users\mm\Desktop\프로그래밍패턴기말고사\프로그래밍패턴기말고사\Replay.c(63,1): warning C4133: '초기화 중': 'replaydata *'과(와) 'replaydata *' 사이의 형식이 호환되지 않습니다.
C:\Users\mm\Desktop\프로그래밍패턴기말고사\프로그래밍패턴기말고사\Replay.c(66,1): warning C4133: '초기화 중': 'replaydata *'과(와) 'replaydata *' 사이의 형식이 호환되지 않습니다.
C:\Users\mm\Desktop\프로그래밍패턴기말고사\프로그래밍패턴기말고사\Replay.c(71,1): warning C4133: '초기화 중': 'replaydata *'과(와) 'replaydata *' 사이의 형식이 호환되지 않습니다.
  Snake.c
C:\Users\mm\Desktop\프로그래밍패턴기말고사\프로그래밍패턴기말고사\data.h(1,1): warning C4828: 파일에 0x32e 오프셋에서 시작하는 문자가 포함되어 있습니다. 이 문자는 현재 원본 문자 집합에서 잘못된 문자입니다(코드 페이지 949).
C:\Users\mm\Desktop\프로그래밍패턴기말고사\프로그래밍패턴기말고사\Snake.c(27,21): warning C4133: '=': 'ListNode *'과(와) 'ListNode *' 사이의 형식이 호환되지 않습니다.
C:\Users\mm\Desktop\프로그래밍패턴기말고사\프로그래밍패턴기말고사\Snake.c(30,33): warning C4133: '!=': 'ListNode *'과(와) 'ListNode *' 사이의 형식이 호환되지 않습니다.
C:\Users\mm\Desktop\프로그래밍패턴기말고사\프로그래밍패턴기말고사\Snake.c(21,1): warning C4133: '초기화 중': 'ListNode *'과(와) 'ListNode *' 사이의 형식이 호환되지 않습니다.
C:\Users\mm\Desktop\프로그래밍패턴기말고사\프로그래밍패턴기말고사\Snake.c(41,22): warning C4133: '=': 'ListNode *'과(와) 'ListNode *' 사이의 형식이 호환되지 않습니다.
C:\Users\mm\Desktop\프로그래밍패턴기말고사\프로그래밍패턴기말고사\Snake.c(49,21): warning C4133: '=': 'ListNode *'과(와) 'ListNode *' 사이의 형식이 호환되지 않습니다.
C:\Users\mm\Desktop\프로그래밍패턴기말고사\프로그래밍패턴기말고사\Snake.c(35,1): warning C4133: '초기화 중': 'ListNode *'과(와) 'ListNode *' 사이의 형식이 호환되지 않습니다.
C:\Users\mm\Desktop\프로그래밍패턴기말고사\프로그래밍패턴기말고사\Snake.c(62,25): warning C4133: '=': 'ListNode *'과(와) 'ListNode *' 사이의 형식이 호환되지 않습니다.
C:\Users\mm\Desktop\프로그래밍패턴기말고사\프로그래밍패턴기말고사\Snake.c(56,1): warning C4133: '초기화 중': 'ListNode *'과(와) 'ListNode *' 사이의 형식이 호환되지 않습니다.
C:\Users\mm\Desktop\프로그래밍패턴기말고사\프로그래밍패턴기말고사\Snake.c(136,24): warning C4133: '=': 'ListNode *'과(와) 'ListNode *' 사이의 형식이 호환되지 않습니다.
C:\Users\mm\Desktop\프로그래밍패턴기말고사\프로그래밍패턴기말고사\Snake.c(89,1): warning C4133: '초기화 중': 'ListNode *'과(와) 'ListNode *' 사이의 형식이 호환되지 않습니다.
  SnakeGame.c
C:\Users\mm\Desktop\프로그래밍패턴기말고사\프로그래밍패턴기말고사\data.h(1,1): warning C4828: 파일에 0x32e 오프셋에서 시작하는 문자가 포함되어 있습니다. 이 문자는 현재 원본 문자 집합에서 잘못된 문자입니다(코드 페이지 949).
C:\Users\mm\Desktop\프로그래밍패턴기말고사\프로그래밍패턴기말고사\SnakeGame.c(49,12): warning C4013: 'getch'이(가) 정의되지 않았습니다. extern은 int형을 반환하는 것으로 간주합니다.
C:\Users\mm\Desktop\프로그래밍패턴기말고사\프로그래밍패턴기말고사\SnakeGame.c(46,1): warning C4047: '초기화 중': 'char'의 간접 참조 수준이 'void *'과(와) 다릅니다.
C:\Users\mm\Desktop\프로그래밍패턴기말고사\프로그래밍패턴기말고사\SnakeGame.c(96,167): warning C4474: 'printf' : 서식 문자열에 전달된 인수가 너무 많습니다.
C:\Users\mm\Desktop\프로그래밍패턴기말고사\프로그래밍패턴기말고사\SnakeGame.c(96,167): message : 자리 표시자 및 해당 매개 변수에는 variadic 인수가 3개 필요하지만 4개가 제공되었습니다.
C:\Users\mm\Desktop\프로그래밍패턴기말고사\프로그래밍패턴기말고사\SnakeGame.c(170,10): warning C4013: 'time'이(가) 정의되지 않았습니다. extern은 int형을 반환하는 것으로 간주합니다.
C:\Users\mm\Desktop\프로그래밍패턴기말고사\프로그래밍패턴기말고사\SnakeGame.c(230,28): warning C4133: '=': 'ListNode *'과(와) 'ListNode *' 사이의 형식이 호환되지 않습니다.
C:\Users\mm\Desktop\프로그래밍패턴기말고사\프로그래밍패턴기말고사\SnakeGame.c(218,1): warning C4133: '초기화 중': 'ListNode *'과(와) 'ListNode *' 사이의 형식이 호환되지 않습니다.
  코드를 생성하고 있습니다...
  프로그래밍패턴기말고사.vcxproj -> C:\Users\mm\Desktop\프로그래밍패턴기말고사\x64\Debug\프로그래밍패턴기말고사.exe
